[2024-02-23 13:02:00] [ INFO ] [OdontologoDaoH2:42] Odontologo guardado: Id: 1 - Numero de Matricula: 123 - Nombre: Gonzalo - Apellido: Leone
[2024-02-23 13:06:24] [ INFO ] [OdontologoDaoMemoria:23] Odontologo guardado: Id: 1 - Numero de Matricula: 123 - Nombre: Gonzalo - Apellido: Leone
[2024-02-23 15:31:18] [ ERROR] [OdontologoDaoH2:45] Columna "numeroMatricula" no encontrada
Column "numeroMatricula" not found [42122-224]
[2024-02-23 15:31:18] [ INFO ] [OdontologoDaoH2:50] Tuvimos un problema
[2024-02-23 15:31:18] [ ERROR] [OdontologoDaoH2:51] Columna "numeroMatricula" no encontrada
Column "numeroMatricula" not found [42122-224]
[2024-02-23 15:32:05] [ INFO ] [OdontologoDaoH2:42] Odontologo guardado: Id: 3 - Numero de Matricula: 123 - Nombre: Gonzalo - Apellido: Leone
[2024-02-23 15:42:17] [ ERROR] [OdontologoDaoH2:91] Columna "numeroMatricula" no encontrada
Column "numeroMatricula" not found [42122-224]
[2024-02-23 15:53:30] [ INFO ] [OdontologoDaoH2:42] Odontologo guardado: Id: 4 - Numero de Matricula: 123 - Nombre: Gonzalo - Apellido: Leone
[2024-02-23 15:53:45] [ ERROR] [OdontologoDaoH2:91] Columna "numeroMatricula" no encontrada
Column "numeroMatricula" not found [42122-224]
[2024-02-23 15:56:05] [ INFO ] [OdontologoDaoH2:87] Listado de todos los odontologos: [Id: 1 - Numero de Matricula: 123 - Nombre: Gonzalo - Apellido: Leone, Id: 3 - Numero de Matricula: 123 - Nombre: Gonzalo - Apellido: Leone, Id: 4 - Numero de Matricula: 123 - Nombre: Gonzalo - Apellido: Leone]
[2024-02-23 16:00:18] [ ERROR] [OdontologoDaoH2:91] Columna "numeroMatricula" no encontrada
Column "numeroMatricula" not found [42122-224]
[2024-02-23 16:02:31] [ ERROR] [OdontologoDaoH2:91] Columna "numeroMatricula" no encontrada
Column "numeroMatricula" not found [42122-224]
[2024-02-23 16:03:33] [ ERROR] [OdontologoDaoH2:91] Columna "numeroMatricula" no encontrada
Column "numeroMatricula" not found [42122-224]
[2024-02-23 16:11:44] [ ERROR] [OdontologoDaoH2:91] Columna "numeroMatricula" no encontrada
Column "numeroMatricula" not found [42122-224]
[2024-02-23 16:12:09] [ ERROR] [OdontologoDaoH2:91] Columna "numeroMatricula" no encontrada
Column "numeroMatricula" not found [42122-224]
[2024-02-23 16:13:30] [ INFO ] [OdontologoDaoH2:42] Odontologo guardado: Id: 5 - Numero de Matricula: 123 - Nombre: Gonzalo - Apellido: Leone
[2024-02-23 16:13:36] [ INFO ] [OdontologoDaoMemoria:23] Odontologo guardado: Id: 1 - Numero de Matricula: 321 - Nombre: Felipe - Apellido: Dubois
[2024-02-23 16:13:46] [ ERROR] [OdontologoDaoH2:91] Columna "numeroMatricula" no encontrada
Column "numeroMatricula" not found [42122-224]
[2024-02-23 16:16:01] [ INFO ] [OdontologoDaoH2:87] Listado de todos los odontologos: []
[2024-02-23 16:16:31] [ INFO ] [OdontologoDaoH2:42] Odontologo guardado: Id: 1 - Numero de Matricula: 123 - Nombre: Gonzalo - Apellido: Leone
[2024-02-23 16:16:45] [ INFO ] [OdontologoDaoMemoria:23] Odontologo guardado: Id: 1 - Numero de Matricula: 321 - Nombre: Felipe - Apellido: Dubois
[2024-02-23 16:16:52] [ INFO ] [OdontologoDaoH2:42] Odontologo guardado: Id: 2 - Numero de Matricula: 123 - Nombre: Gonzalo - Apellido: Leone
[2024-02-23 16:17:01] [ INFO ] [OdontologoDaoH2:87] Listado de todos los odontologos: [Id: 1 - Numero de Matricula: 123 - Nombre: Gonzalo - Apellido: Leone, Id: 2 - Numero de Matricula: 123 - Nombre: Gonzalo - Apellido: Leone]
[2024-02-23 16:20:13] [ INFO ] [OdontologoDaoMemoria:29] Listando todos los odontologos: []
